<?xml version="1.0" encoding="UTF-8"?>
<testng-results skipped="0" failed="0" ignored="0" total="1" passed="1">
  <reporter-output>
  </reporter-output>
  <suite name="Default suite" duration-ms="61" started-at="2019-05-01T08:11:20Z" finished-at="2019-05-01T08:11:20Z">
    <groups>
    </groups>
    <test name="Default test" duration-ms="61" started-at="2019-05-01T08:11:20Z" finished-at="2019-05-01T08:11:20Z">
      <class name="myMavenproject.firstTest">
        <test-method status="PASS" signature="Test1()[pri:0, instance:myMavenproject.firstTest@4cc0edeb]" name="Test1" duration-ms="12" started-at="2019-05-01T08:11:20Z" finished-at="2019-05-01T08:11:20Z">
          <reporter-output>
          </reporter-output>
        </test-method> <!-- Test1 -->
      </class> <!-- myMavenproject.firstTest -->
    </test> <!-- Default test -->
  </suite> <!-- Default suite -->
</testng-results>
