<?xml version="1.0" encoding="UTF-8"?>
<testng-results skipped="0" failed="0" ignored="0" total="1" passed="1">
  <reporter-output>
  </reporter-output>
  <suite name="Default suite" duration-ms="40" started-at="2019-04-27T22:03:02Z" finished-at="2019-04-27T22:03:02Z">
    <groups>
    </groups>
    <test name="Default test" duration-ms="40" started-at="2019-04-27T22:03:02Z" finished-at="2019-04-27T22:03:02Z">
      <class name="test">
        <test-method status="PASS" signature="Test1()[pri:0, instance:test@48eff760]" name="Test1" duration-ms="10" started-at="2019-04-27T22:03:02Z" finished-at="2019-04-27T22:03:02Z">
          <reporter-output>
          </reporter-output>
        </test-method> <!-- Test1 -->
      </class> <!-- test -->
    </test> <!-- Default test -->
  </suite> <!-- Default suite -->
</testng-results>
