<?xml version="1.0" encoding="UTF-8"?>
<testng-results skipped="0" failed="0" ignored="0" total="1" passed="1">
  <reporter-output>
  </reporter-output>
  <suite name="Suite" duration-ms="49" started-at="2019-05-01T18:52:43Z" finished-at="2019-05-01T18:52:43Z">
    <groups>
    </groups>
    <test name="Test" duration-ms="49" started-at="2019-05-01T18:52:43Z" finished-at="2019-05-01T18:52:43Z">
      <class name="project.mavenTest">
        <test-method status="PASS" signature="Test1()[pri:0, instance:project.mavenTest@4439f31e]" name="Test1" duration-ms="16" started-at="2019-05-01T18:52:43Z" finished-at="2019-05-01T18:52:43Z">
          <reporter-output>
          </reporter-output>
        </test-method> <!-- Test1 -->
      </class> <!-- project.mavenTest -->
    </test> <!-- Test -->
  </suite> <!-- Suite -->
</testng-results>
