<?xml version="1.0" encoding="UTF-8"?>
<testng-results skipped="0" failed="0" ignored="0" total="3" passed="3">
  <reporter-output>
  </reporter-output>
  <suite name="Default suite" duration-ms="54" started-at="2019-04-26T22:11:25Z" finished-at="2019-04-26T22:11:25Z">
    <groups>
    </groups>
    <test name="Default test" duration-ms="54" started-at="2019-04-26T22:11:25Z" finished-at="2019-04-26T22:11:25Z">
      <class name="test.test">
        <test-method status="PASS" signature="Test1()[pri:0, instance:test.test@5dfcfece]" name="Test1" duration-ms="14" started-at="2019-04-26T22:11:25Z" finished-at="2019-04-26T22:11:25Z">
          <reporter-output>
          </reporter-output>
        </test-method> <!-- Test1 -->
        <test-method status="PASS" signature="Test2()[pri:0, instance:test.test@5dfcfece]" name="Test2" duration-ms="2" started-at="2019-04-26T22:11:25Z" finished-at="2019-04-26T22:11:25Z">
          <reporter-output>
          </reporter-output>
        </test-method> <!-- Test2 -->
        <test-method status="PASS" signature="Test3()[pri:0, instance:test.test@5dfcfece]" name="Test3" duration-ms="2" started-at="2019-04-26T22:11:25Z" finished-at="2019-04-26T22:11:25Z">
          <reporter-output>
          </reporter-output>
        </test-method> <!-- Test3 -->
      </class> <!-- test.test -->
    </test> <!-- Default test -->
  </suite> <!-- Default suite -->
</testng-results>
